[debug] [2020-12-08T20:42:22.688Z] ----------------------------------------------------------------------
[debug] [2020-12-08T20:42:22.697Z] Command:       D:\42\Programação\Java Script\NodeJS\node.exe C:\Users\Usuario\AppData\Roaming\npm\node_modules\firebase-tools\lib\bin\firebase.js init
[debug] [2020-12-08T20:42:22.698Z] CLI Version:   8.17.0
[debug] [2020-12-08T20:42:22.699Z] Platform:      win32
[debug] [2020-12-08T20:42:22.699Z] Node Version:  v14.5.0
[debug] [2020-12-08T20:42:22.704Z] Time:          Tue Dec 08 2020 17:42:22 GMT-0300 (Horário Padrão de Brasília)
[debug] [2020-12-08T20:42:22.704Z] ----------------------------------------------------------------------
[debug] [2020-12-08T20:42:22.705Z] 
[debug] [2020-12-08T20:42:22.728Z] > command requires scopes: ["email","openid","https://www.googleapis.com/auth/cloudplatformprojects.readonly","https://www.googleapis.com/auth/firebase","https://www.googleapis.com/auth/cloud-platform"]
[debug] [2020-12-08T20:42:22.730Z] > authorizing via signed-in user
[info] 
     ######## #### ########  ######## ########     ###     ######  ########
     ##        ##  ##     ## ##       ##     ##  ##   ##  ##       ##
     ######    ##  ########  ######   ########  #########  ######  ######
     ##        ##  ##    ##  ##       ##     ## ##     ##       ## ##
     ##       #### ##     ## ######## ########  ##     ##  ######  ########

You're about to initialize a Firebase project in this directory:

  D:\xampp\htdocs\crudFirebase

[info] 
=== Project Setup
[info] 
[info] First, let's associate this project directory with a Firebase project.
[info] You can create multiple project aliases by running firebase use --add, 
[info] but for now we'll just set up a default project.
[info] 
